#
# There is insufficient memory for the Java Runtime Environment to continue.
# Native memory allocation (mmap) failed to map 65011712 bytes. Error detail: G1 virtual space
# Possible reasons:
#   The system is out of physical RAM or swap space
#   This process is running with CompressedOops enabled, and the Java Heap may be blocking the growth of the native heap
# Possible solutions:
#   Reduce memory load on the system
#   Increase physical memory or swap space
#   Check if swap backing store is full
#   Decrease Java heap size (-Xmx/-Xms)
#   Decrease number of Java threads
#   Decrease Java thread stack sizes (-Xss)
#   Set larger code cache with -XX:ReservedCodeCacheSize=
#   JVM is running with Zero Based Compressed Oops mode in which the Java heap is
#     placed in the first 32GB address space. The Java Heap base address is the
#     maximum limit for the native heap growth. Please use -XX:HeapBaseMinAddress
#     to set the Java Heap base and to place the Java Heap above 32GB virtual address.
# This output file may be truncated or incomplete.
#
#  Out of Memory Error (os_windows.cpp:3825), pid=33908, tid=14720
#
# JRE version: OpenJDK Runtime Environment (17.0.11) (build 17.0.11+0--11852314)
# Java VM: OpenJDK 64-Bit Server VM (17.0.11+0--11852314, mixed mode, tiered, compressed oops, compressed class ptrs, g1 gc, windows-amd64)
# No core dump will be written. Minidumps are not enabled by default on client versions of Windows
#

---------------  S U M M A R Y ------------

Command Line: org.jetbrains.kotlin.cli.jvm.K2JVMCompiler @C:\Users\LENOVO\AndroidStudioProjects\meet72\app\build\20241121_4743245907970881920.compiler.options

Host: AMD Ryzen 5 5625U with Radeon Graphics         , 12 cores, 13G,  Windows 11 , 64 bit Build 22621 (10.0.22621.4391)
Time: Thu Nov 21 19:37:50 2024 SE Asia Standard Time elapsed time: 8.330369 seconds (0d 0h 0m 8s)

---------------  T H R E A D  ---------------

Current thread (0x0000021dbb28ebe0):  VMThread "VM Thread" [stack: 0x00000040a0e00000,0x00000040a0f00000] [id=14720]

Stack: [0x00000040a0e00000,0x00000040a0f00000]
Native frames: (J=compiled Java code, j=interpreted, Vv=VM code, C=native code)
V  [jvm.dll+0x687bb9]
V  [jvm.dll+0x84142a]
V  [jvm.dll+0x8430ae]
V  [jvm.dll+0x843713]
V  [jvm.dll+0x24a35f]
V  [jvm.dll+0x684989]
V  [jvm.dll+0x67923a]
V  [jvm.dll+0x30af0b]
V  [jvm.dll+0x3123b6]
V  [jvm.dll+0x361dfe]
V  [jvm.dll+0x36202f]
V  [jvm.dll+0x2e0d38]
V  [jvm.dll+0x2df144]
V  [jvm.dll+0x2de74c]
V  [jvm.dll+0x32305b]
V  [jvm.dll+0x847e0b]
V  [jvm.dll+0x848b42]
V  [jvm.dll+0x84905d]
V  [jvm.dll+0x849434]
V  [jvm.dll+0x849500]
V  [jvm.dll+0x7efa4a]
V  [jvm.dll+0x686a35]
C  [ucrtbase.dll+0x29333]
C  [KERNEL32.DLL+0x1259d]
C  [ntdll.dll+0x5af38]

VM_Operation (0x00000040a08f6f70): G1CollectForAllocation, mode: safepoint, requested by thread 0x0000021d9b63e660


---------------  P R O C E S S  ---------------

Threads class SMR info:
_java_thread_list=0x0000021dbb64ea00, length=13, elements={
0x0000021d9b63e660, 0x0000021dbb40f270, 0x0000021dbb411ec0, 0x0000021dbb43e7e0,
0x0000021dbb43f1b0, 0x0000021dbb441a90, 0x0000021dbb442360, 0x0000021dbb446460,
0x0000021dbb45a410, 0x0000021dbb45b500, 0x0000021dbb5b6f00, 0x0000021dbb5bdc70,
0x0000021dbb6e08f0
}

Java Threads: ( => current thread )
  0x0000021d9b63e660 JavaThread "main" [_thread_blocked, id=20140, stack(0x00000040a0800000,0x00000040a0900000)]
  0x0000021dbb40f270 JavaThread "Reference Handler" daemon [_thread_blocked, id=16636, stack(0x00000040a0f00000,0x00000040a1000000)]
  0x0000021dbb411ec0 JavaThread "Finalizer" daemon [_thread_blocked, id=22736, stack(0x00000040a1000000,0x00000040a1100000)]
  0x0000021dbb43e7e0 JavaThread "Signal Dispatcher" daemon [_thread_blocked, id=16516, stack(0x00000040a1100000,0x00000040a1200000)]
  0x0000021dbb43f1b0 JavaThread "Attach Listener" daemon [_thread_blocked, id=5740, stack(0x00000040a1200000,0x00000040a1300000)]
  0x0000021dbb441a90 JavaThread "Service Thread" daemon [_thread_blocked, id=12876, stack(0x00000040a1300000,0x00000040a1400000)]
  0x0000021dbb442360 JavaThread "Monitor Deflation Thread" daemon [_thread_blocked, id=16224, stack(0x00000040a1400000,0x00000040a1500000)]
  0x0000021dbb446460 JavaThread "C2 CompilerThread0" daemon [_thread_blocked, id=34084, stack(0x00000040a1500000,0x00000040a1600000)]
  0x0000021dbb45a410 JavaThread "C1 CompilerThread0" daemon [_thread_blocked, id=23324, stack(0x00000040a1600000,0x00000040a1700000)]
  0x0000021dbb45b500 JavaThread "Sweeper thread" daemon [_thread_blocked, id=32076, stack(0x00000040a1700000,0x00000040a1800000)]
  0x0000021dbb5b6f00 JavaThread "Notification Thread" daemon [_thread_blocked, id=29104, stack(0x00000040a1800000,0x00000040a1900000)]
  0x0000021dbb5bdc70 JavaThread "Common-Cleaner" daemon [_thread_blocked, id=33824, stack(0x00000040a1a00000,0x00000040a1b00000)]
  0x0000021dbb6e08f0 JavaThread "C2 CompilerThread1" daemon [_thread_blocked, id=16844, stack(0x00000040a1b00000,0x00000040a1c00000)]

Other Threads:
=>0x0000021dbb28ebe0 VMThread "VM Thread" [stack: 0x00000040a0e00000,0x00000040a0f00000] [id=14720]
  0x0000021dbb5bb400 WatcherThread [stack: 0x00000040a1900000,0x00000040a1a00000] [id=37640]
  0x0000021d9d86fb00 GCTaskThread "GC Thread#0" [stack: 0x00000040a0900000,0x00000040a0a00000] [id=36336]
  0x0000021dc02981e0 GCTaskThread "GC Thread#1" [stack: 0x00000040a1c00000,0x00000040a1d00000] [id=26564]
  0x0000021dc0357b80 GCTaskThread "GC Thread#2" [stack: 0x00000040a1d00000,0x00000040a1e00000] [id=10400]
  0x0000021dc0357e40 GCTaskThread "GC Thread#3" [stack: 0x00000040a1e00000,0x00000040a1f00000] [id=36808]
  0x0000021dc0358fd0 GCTaskThread "GC Thread#4" [stack: 0x00000040a1f00000,0x00000040a2000000] [id=32308]
  0x0000021dc0a48ed0 GCTaskThread "GC Thread#5" [stack: 0x00000040a2000000,0x00000040a2100000] [id=18256]
  0x0000021dc090e340 GCTaskThread "GC Thread#6" [stack: 0x00000040a2100000,0x00000040a2200000] [id=30360]
  0x0000021dc098e2c0 GCTaskThread "GC Thread#7" [stack: 0x00000040a2200000,0x00000040a2300000] [id=14920]
  0x0000021dc0afe840 GCTaskThread "GC Thread#8" [stack: 0x00000040a2300000,0x00000040a2400000] [id=20704]
  0x0000021dc1bc1ae0 GCTaskThread "GC Thread#9" [stack: 0x00000040a2600000,0x00000040a2700000] [id=34704]
  0x0000021d9d87e810 ConcurrentGCThread "G1 Main Marker" [stack: 0x00000040a0a00000,0x00000040a0b00000] [id=23260]
  0x0000021d9d87f9d0 ConcurrentGCThread "G1 Conc#0" [stack: 0x00000040a0b00000,0x00000040a0c00000] [id=28692]
  0x0000021dc0a483c0 ConcurrentGCThread "G1 Conc#1" [stack: 0x00000040a2400000,0x00000040a2500000] [id=8568]
  0x0000021dc0acf620 ConcurrentGCThread "G1 Conc#2" [stack: 0x00000040a2500000,0x00000040a2600000] [id=29592]
  0x0000021d9d8bec80 ConcurrentGCThread "G1 Refine#0" [stack: 0x00000040a0c00000,0x00000040a0d00000] [id=25436]
  0x0000021dc05a22c0 ConcurrentGCThread "G1 Refine#1" [stack: 0x00000040a2700000,0x00000040a2800000] [id=20608]
  0x0000021dc05a28a0 ConcurrentGCThread "G1 Refine#2" [stack: 0x00000040a2800000,0x00000040a2900000] [id=14700]
  0x0000021dbb10f880 ConcurrentGCThread "G1 Service" [stack: 0x00000040a0d00000,0x00000040a0e00000] [id=9200]

Threads with active compile tasks:
C1 CompilerThread0     8349 11122       3       org.jetbrains.kotlin.ir.declarations.lazy.IrLazyClass::<init> (361 bytes)

VM state: at safepoint (normal execution)

VM Mutex/Monitor currently owned by a thread:  ([mutex/lock_event])
[0x0000021d9b639fa0] Threads_lock - owner thread: 0x0000021dbb28ebe0
[0x0000021d9b63af60] Heap_lock - owner thread: 0x0000021d9b63e660

Heap address: 0x0000000722400000, size: 3548 MB, Compressed Oops mode: Zero based, Oop shift amount: 3

CDS archive(s) not mapped
Compressed class space mapped at: 0x0000000800000000-0x0000000840000000, reserved size: 1073741824
Narrow klass base: 0x0000000800000000, Narrow klass shift: 0, Narrow klass range: 0x40000000

GC Precious Log:
 CPUs: 12 total, 12 available
 Memory: 14188M
 Large Page Support: Disabled
 NUMA Support: Disabled
 Compressed Oops: Enabled (Zero based)
 Heap Region Size: 2M
 Heap Min Capacity: 8M
 Heap Initial Capacity: 222M
 Heap Max Capacity: 3548M
 Pre-touch: Disabled
 Parallel Workers: 10
 Concurrent Workers: 3
 Concurrent Refinement Workers: 10
 Periodic GC: Disabled

Heap:
 garbage-first heap   total 143360K, used 80304K [0x0000000722400000, 0x0000000800000000)
  region size 2048K, 3 young (6144K), 3 survivors (6144K)
 Metaspace       used 69019K, committed 69312K, reserved 1114112K
  class space    used 7773K, committed 7936K, reserved 1048576K

Heap Regions: E=young(eden), S=young(survivor), O=old, HS=humongous(starts), HC=humongous(continues), CS=collection set, F=free, OA=open archive, CA=closed archive, TAMS=top-at-mark-start (previous, next)
|   0|0x0000000722400000, 0x0000000722600000, 0x0000000722600000|100%|HS|  |TAMS 0x0000000722600000, 0x0000000722600000| Complete 
|   1|0x0000000722600000, 0x0000000722800000, 0x0000000722800000|100%|HC|  |TAMS 0x0000000722800000, 0x0000000722800000| Complete 
|   2|0x0000000722800000, 0x0000000722a00000, 0x0000000722a00000|100%| O|  |TAMS 0x0000000722a00000, 0x0000000722a00000| Untracked 
|   3|0x0000000722a00000, 0x0000000722c00000, 0x0000000722c00000|100%| O|  |TAMS 0x0000000722c00000, 0x0000000722c00000| Untracked 
|   4|0x0000000722c00000, 0x0000000722e00000, 0x0000000722e00000|100%| O|  |TAMS 0x0000000722e00000, 0x0000000722e00000| Untracked 
|   5|0x0000000722e00000, 0x0000000722fcca00, 0x0000000723000000| 89%| O|  |TAMS 0x0000000722fcca00, 0x0000000722fcca00| Untracked 
|   6|0x0000000723000000, 0x0000000723200000, 0x0000000723200000|100%|HS|  |TAMS 0x0000000723200000, 0x0000000723200000| Complete 
|   7|0x0000000723200000, 0x0000000723400000, 0x0000000723400000|100%| O|  |TAMS 0x0000000723400000, 0x0000000723400000| Untracked 
|   8|0x0000000723400000, 0x0000000723600000, 0x0000000723600000|100%| O|  |TAMS 0x0000000723600000, 0x0000000723600000| Untracked 
|   9|0x0000000723600000, 0x0000000723800000, 0x0000000723800000|100%| O|  |TAMS 0x0000000723800000, 0x0000000723800000| Untracked 
|  10|0x0000000723800000, 0x0000000723a00000, 0x0000000723a00000|100%| O|  |TAMS 0x0000000723a00000, 0x0000000723a00000| Untracked 
|  11|0x0000000723a00000, 0x0000000723c00000, 0x0000000723c00000|100%| O|  |TAMS 0x0000000723c00000, 0x0000000723c00000| Untracked 
|  12|0x0000000723c00000, 0x0000000723e00000, 0x0000000723e00000|100%| O|  |TAMS 0x0000000723e00000, 0x0000000723e00000| Untracked 
|  13|0x0000000723e00000, 0x0000000724000000, 0x0000000724000000|100%| O|  |TAMS 0x0000000724000000, 0x0000000724000000| Untracked 
|  14|0x0000000724000000, 0x0000000724200000, 0x0000000724200000|100%| O|  |TAMS 0x0000000724200000, 0x0000000724200000| Untracked 
|  15|0x0000000724200000, 0x0000000724400000, 0x0000000724400000|100%| O|  |TAMS 0x0000000724400000, 0x0000000724400000| Untracked 
|  16|0x0000000724400000, 0x0000000724600000, 0x0000000724600000|100%| O|  |TAMS 0x0000000724600000, 0x0000000724600000| Untracked 
|  17|0x0000000724600000, 0x0000000724800000, 0x0000000724800000|100%| O|  |TAMS 0x0000000724800000, 0x0000000724800000| Untracked 
|  18|0x0000000724800000, 0x0000000724a00000, 0x0000000724a00000|100%| O|  |TAMS 0x0000000724a00000, 0x0000000724a00000| Untracked 
|  19|0x0000000724a00000, 0x0000000724c00000, 0x0000000724c00000|100%| O|  |TAMS 0x0000000724c00000, 0x0000000724c00000| Untracked 
|  20|0x0000000724c00000, 0x0000000724e00000, 0x0000000724e00000|100%| O|  |TAMS 0x0000000724e00000, 0x0000000724e00000| Untracked 
|  21|0x0000000724e00000, 0x0000000725000000, 0x0000000725000000|100%| O|  |TAMS 0x0000000725000000, 0x0000000725000000| Untracked 
|  22|0x0000000725000000, 0x0000000725200000, 0x0000000725200000|100%| O|  |TAMS 0x0000000725200000, 0x0000000725200000| Untracked 
|  23|0x0000000725200000, 0x0000000725400000, 0x0000000725400000|100%| O|  |TAMS 0x0000000725400000, 0x0000000725400000| Untracked 
|  24|0x0000000725400000, 0x0000000725600000, 0x0000000725600000|100%| O|  |TAMS 0x0000000725600000, 0x0000000725600000| Untracked 
|  25|0x0000000725600000, 0x0000000725800000, 0x0000000725800000|100%| O|  |TAMS 0x0000000725800000, 0x0000000725800000| Untracked 
|  26|0x0000000725800000, 0x0000000725a00000, 0x0000000725a00000|100%|HS|  |TAMS 0x0000000725a00000, 0x0000000725a00000| Complete 
|  27|0x0000000725a00000, 0x0000000725c00000, 0x0000000725c00000|100%| O|  |TAMS 0x0000000725c00000, 0x0000000725c00000| Untracked 
|  28|0x0000000725c00000, 0x0000000725e00000, 0x0000000725e00000|100%| O|  |TAMS 0x0000000725c00000, 0x0000000725e00000| Untracked 
|  29|0x0000000725e00000, 0x0000000726000000, 0x0000000726000000|100%| O|  |TAMS 0x0000000725e00000, 0x0000000726000000| Untracked 
|  30|0x0000000726000000, 0x0000000726200000, 0x0000000726200000|100%| O|  |TAMS 0x0000000726000000, 0x0000000726200000| Untracked 
|  31|0x0000000726200000, 0x0000000726400000, 0x0000000726400000|100%| O|  |TAMS 0x0000000726200000, 0x0000000726400000| Untracked 
|  32|0x0000000726400000, 0x0000000726600000, 0x0000000726600000|100%| O|  |TAMS 0x0000000726400000, 0x0000000726600000| Untracked 
|  33|0x0000000726600000, 0x0000000726800000, 0x0000000726800000|100%| O|  |TAMS 0x0000000726600000, 0x0000000726800000| Untracked 
|  34|0x0000000726800000, 0x0000000726a00000, 0x0000000726a00000|100%| O|  |TAMS 0x0000000726800000, 0x0000000726870600| Untracked 
|  35|0x0000000726a00000, 0x0000000726a9f600, 0x0000000726c00000| 31%| O|  |TAMS 0x0000000726a00000, 0x0000000726a00000| Untracked 
|  36|0x0000000726c00000, 0x0000000726c00000, 0x0000000726e00000|  0%| F|  |TAMS 0x0000000726c00000, 0x0000000726c00000| Untracked 
|  37|0x0000000726e00000, 0x0000000726e00000, 0x0000000727000000|  0%| F|  |TAMS 0x0000000726e00000, 0x0000000726e00000| Untracked 
|  38|0x0000000727000000, 0x0000000727000000, 0x0000000727200000|  0%| F|  |TAMS 0x0000000727000000, 0x0000000727000000| Untracked 
|  39|0x0000000727200000, 0x0000000727200000, 0x0000000727400000|  0%| F|  |TAMS 0x0000000727200000, 0x0000000727200000| Untracked 
|  40|0x0000000727400000, 0x0000000727400000, 0x0000000727600000|  0%| F|  |TAMS 0x0000000727400000, 0x0000000727400000| Untracked 
|  41|0x0000000727600000, 0x0000000727600000, 0x0000000727800000|  0%| F|  |TAMS 0x0000000727600000, 0x0000000727600000| Untracked 
|  42|0x0000000727800000, 0x0000000727800000, 0x0000000727a00000|  0%| F|  |TAMS 0x0000000727800000, 0x0000000727800000| Untracked 
|  43|0x0000000727a00000, 0x0000000727a00000, 0x0000000727c00000|  0%| F|  |TAMS 0x0000000727a00000, 0x0000000727a00000| Untracked 
|  44|0x0000000727c00000, 0x0000000727c00000, 0x0000000727e00000|  0%| F|  |TAMS 0x0000000727c00000, 0x0000000727c00000| Untracked 
|  45|0x0000000727e00000, 0x0000000728000000, 0x0000000728000000|100%| S|CS|TAMS 0x0000000727e00000, 0x0000000727e00000| Complete 
|  46|0x0000000728000000, 0x0000000728000000, 0x0000000728200000|  0%| F|  |TAMS 0x0000000728000000, 0x0000000728000000| Untracked 
|  47|0x0000000728200000, 0x0000000728400000, 0x0000000728400000|100%| S|CS|TAMS 0x0000000728200000, 0x0000000728200000| Complete 
|  48|0x0000000728400000, 0x0000000728600000, 0x0000000728600000|100%| S|CS|TAMS 0x0000000728400000, 0x0000000728400000| Complete 
|  49|0x0000000728600000, 0x0000000728600000, 0x0000000728800000|  0%| F|  |TAMS 0x0000000728600000, 0x0000000728600000| Untracked 
|  50|0x0000000728800000, 0x0000000728800000, 0x0000000728a00000|  0%| F|  |TAMS 0x0000000728800000, 0x0000000728800000| Untracked 
|  51|0x0000000728a00000, 0x0000000728a00000, 0x0000000728c00000|  0%| F|  |TAMS 0x0000000728a00000, 0x0000000728a00000| Untracked 
|  52|0x0000000728c00000, 0x0000000728c00000, 0x0000000728e00000|  0%| F|  |TAMS 0x0000000728c00000, 0x0000000728c00000| Untracked 
|  53|0x0000000728e00000, 0x0000000728e00000, 0x0000000729000000|  0%| F|  |TAMS 0x0000000728e00000, 0x0000000728e00000| Untracked 
|  54|0x0000000729000000, 0x0000000729000000, 0x0000000729200000|  0%| F|  |TAMS 0x0000000729000000, 0x0000000729000000| Untracked 
|  55|0x0000000729200000, 0x0000000729200000, 0x0000000729400000|  0%| F|  |TAMS 0x0000000729200000, 0x0000000729200000| Untracked 
|  56|0x0000000729400000, 0x0000000729400000, 0x0000000729600000|  0%| F|  |TAMS 0x0000000729400000, 0x0000000729400000| Untracked 
|  57|0x0000000729600000, 0x0000000729600000, 0x0000000729800000|  0%| F|  |TAMS 0x0000000729600000, 0x0000000729600000| Untracked 
|  58|0x0000000729800000, 0x0000000729800000, 0x0000000729a00000|  0%| F|  |TAMS 0x0000000729800000, 0x0000000729800000| Untracked 
|  59|0x0000000729a00000, 0x0000000729a00000, 0x0000000729c00000|  0%| F|  |TAMS 0x0000000729a00000, 0x0000000729a00000| Untracked 
|  60|0x0000000729c00000, 0x0000000729c00000, 0x0000000729e00000|  0%| F|  |TAMS 0x0000000729c00000, 0x0000000729c00000| Untracked 
|  61|0x0000000729e00000, 0x0000000729e00000, 0x000000072a000000|  0%| F|  |TAMS 0x0000000729e00000, 0x0000000729e00000| Untracked 
|  62|0x000000072a000000, 0x000000072a000000, 0x000000072a200000|  0%| F|  |TAMS 0x000000072a000000, 0x000000072a000000| Untracked 
|  63|0x000000072a200000, 0x000000072a200000, 0x000000072a400000|  0%| F|  |TAMS 0x000000072a200000, 0x000000072a200000| Untracked 
|  64|0x000000072a400000, 0x000000072a400000, 0x000000072a600000|  0%| F|  |TAMS 0x000000072a400000, 0x000000072a400000| Untracked 
|  65|0x000000072a600000, 0x000000072a600000, 0x000000072a800000|  0%| F|  |TAMS 0x000000072a600000, 0x000000072a600000| Untracked 
|  66|0x000000072a800000, 0x000000072a800000, 0x000000072aa00000|  0%| F|  |TAMS 0x000000072a800000, 0x000000072a800000| Untracked 
|  67|0x000000072aa00000, 0x000000072aa00000, 0x000000072ac00000|  0%| F|  |TAMS 0x000000072aa00000, 0x000000072aa00000| Untracked 
| 110|0x0000000730000000, 0x0000000730000000, 0x0000000730200000|  0%| F|  |TAMS 0x0000000730000000, 0x0000000730000000| Untracked 
|1773|0x00000007ffe00000, 0x0000000800000000, 0x0000000800000000|100%| O|  |TAMS 0x0000000800000000, 0x0000000800000000| Untracked 

Card table byte_map: [0x0000021db0930000,0x0000021db1020000] _byte_map_base: 0x0000021dad01e000

Marking Bits (Prev, Next): (CMBitMap*) 0x0000021d9d870160, (CMBitMap*) 0x0000021d9d870120
 Prev Bits: [0x0000021db4e80000, 0x0000021db85f0000)
 Next Bits: [0x0000021db1710000, 0x0000021db4e80000)

Polling page: 0x0000021d9cfc0000

Metaspace:

Usage:
  Non-class:     59.81 MB used.
      Class:      7.59 MB used.
       Both:     67.40 MB used.

Virtual space:
  Non-class space:       64.00 MB reserved,      59.94 MB ( 94%) committed,  1 nodes.
      Class space:        1.00 GB reserved,       7.75 MB ( <1%) committed,  1 nodes.
             Both:        1.06 GB reserved,      67.69 MB (  6%) committed. 

Chunk freelists:
   Non-Class:  4.02 MB
       Class:  8.26 MB
        Both:  12.27 MB

MaxMetaspaceSize: unlimited
CompressedClassSpaceSize: 1.00 GB
Initial GC threshold: 21.00 MB
Current GC threshold: 98.06 MB
CDS: off
MetaspaceReclaimPolicy: balanced
 - commit_granule_bytes: 65536.
 - commit_granule_words: 8192.
 - virtual_space_node_default_size: 8388608.
 - enlarge_chunks_in_place: 1.
 - new_chunks_are_fully_committed: 0.
 - uncommit_free_chunks: 1.
 - use_allocation_guard: 0.
 - handle_deallocations: 1.


Internal statistics:

num_allocs_failed_limit: 9.
num_arena_births: 344.
num_arena_deaths: 0.
num_vsnodes_births: 2.
num_vsnodes_deaths: 0.
num_space_committed: 1081.
num_space_uncommitted: 0.
num_chunks_returned_to_freelist: 9.
num_chunks_taken_from_freelist: 2563.
num_chunk_merges: 9.
num_chunk_splits: 2062.
num_chunks_enlarged: 1791.
num_inconsistent_stats: 0.

CodeHeap 'non-profiled nmethods': size=120000Kb used=4806Kb max_used=4806Kb free=115193Kb
 bounds [0x0000021da87b0000, 0x0000021da8c70000, 0x0000021dafce0000]
CodeHeap 'profiled nmethods': size=120000Kb used=26538Kb max_used=28536Kb free=93461Kb
 bounds [0x0000021da0ce0000, 0x0000021da28e0000, 0x0000021da8210000]
CodeHeap 'non-nmethods': size=5760Kb used=1372Kb max_used=1404Kb free=4387Kb
 bounds [0x0000021da8210000, 0x0000021da8480000, 0x0000021da87b0000]
 total_blobs=10054 nmethods=9356 adapters=607
 compilation: enabled
              stopped_count=0, restarted_count=0
 full_count=0

Compilation events (20 events):
Event: 8.312 Thread 0x0000021dbb45a410 nmethod 11113 0x0000021da164c610 code [0x0000021da164c8e0, 0x0000021da164d6c8]
Event: 8.312 Thread 0x0000021dbb45a410 11114       3       androidx.compose.compiler.plugins.kotlin.lower.ComposerParamTransformer$copyWithComposerParam$2$3::visitCall (30 bytes)
Event: 8.313 Thread 0x0000021dbb45a410 nmethod 11114 0x0000021da1b77e10 code [0x0000021da1b781e0, 0x0000021da1b79b28]
Event: 8.313 Thread 0x0000021dbb45a410 11116       3       androidx.compose.compiler.plugins.kotlin.lower.IrInlineReferenceLocatorKt::isInlineParameter (101 bytes)
Event: 8.313 Thread 0x0000021dbb45a410 nmethod 11116 0x0000021da26a0890 code [0x0000021da26a0be0, 0x0000021da26a1ec8]
Event: 8.313 Thread 0x0000021dbb45a410 11115       1       org.jetbrains.kotlin.ir.declarations.impl.IrFunctionCommonImpl::getCorrespondingPropertySymbol (5 bytes)
Event: 8.314 Thread 0x0000021dbb45a410 nmethod 11115 0x0000021da8c60f90 code [0x0000021da8c61120, 0x0000021da8c611f8]
Event: 8.314 Thread 0x0000021dbb45a410 11102       1       org.jetbrains.kotlin.ir.declarations.impl.IrValueParameterImpl::getFactory (5 bytes)
Event: 8.314 Thread 0x0000021dbb45a410 nmethod 11102 0x0000021da8c61290 code [0x0000021da8c61420, 0x0000021da8c614f8]
Event: 8.314 Thread 0x0000021dbb446460 11117       4       org.jetbrains.kotlin.metadata.jvm.deserialization.JvmNameResolverBase::isLocalClassName (14 bytes)
Event: 8.315 Thread 0x0000021dbb45a410 11118       3       org.jetbrains.kotlin.ir.util.DeclarationStubGenerator$generateClassStub$1$1::invoke (9 bytes)
Event: 8.315 Thread 0x0000021dbb45a410 nmethod 11118 0x0000021da0d11390 code [0x0000021da0d11540, 0x0000021da0d11788]
Event: 8.315 Thread 0x0000021dbb45a410 11119       3       org.jetbrains.kotlin.ir.util.DeclarationStubGenerator$generateClassStub$1$1::invoke (160 bytes)
Event: 8.315 Thread 0x0000021dbb446460 nmethod 11117 0x0000021da8c61590 code [0x0000021da8c61720, 0x0000021da8c61858]
Event: 8.316 Thread 0x0000021dbb45a410 nmethod 11119 0x0000021da1f9b010 code [0x0000021da1f9b420, 0x0000021da1f9cfb8]
Event: 8.316 Thread 0x0000021dbb45a410 11120       3       org.jetbrains.kotlin.ir.util.DeclarationStubGenerator::access$getEffectiveModality (6 bytes)
Event: 8.317 Thread 0x0000021dbb45a410 nmethod 11120 0x0000021da15dd510 code [0x0000021da15dd700, 0x0000021da15ddb68]
Event: 8.317 Thread 0x0000021dbb45a410 11121       3       org.jetbrains.kotlin.ir.util.DeclarationStubGenerator::getEffectiveModality (30 bytes)
Event: 8.317 Thread 0x0000021dbb45a410 nmethod 11121 0x0000021da13e1f10 code [0x0000021da13e20e0, 0x0000021da13e2508]
Event: 8.317 Thread 0x0000021dbb45a410 11122       3       org.jetbrains.kotlin.ir.declarations.lazy.IrLazyClass::<init> (361 bytes)

GC Heap History (20 events):
Event: 3.169 GC heap after
{Heap after GC invocations=12 (full 0):
 garbage-first heap   total 81920K, used 33318K [0x0000000722400000, 0x0000000800000000)
  region size 2048K, 3 young (6144K), 3 survivors (6144K)
 Metaspace       used 51173K, committed 51392K, reserved 1114112K
  class space    used 6202K, committed 6272K, reserved 1048576K
}
Event: 3.289 GC heap before
{Heap before GC invocations=12 (full 0):
 garbage-first heap   total 81920K, used 59942K [0x0000000722400000, 0x0000000800000000)
  region size 2048K, 16 young (32768K), 3 survivors (6144K)
 Metaspace       used 51752K, committed 51968K, reserved 1114112K
  class space    used 6241K, committed 6336K, reserved 1048576K
}
Event: 3.297 GC heap after
{Heap after GC invocations=13 (full 0):
 garbage-first heap   total 108544K, used 34286K [0x0000000722400000, 0x0000000800000000)
  region size 2048K, 1 young (2048K), 1 survivors (2048K)
 Metaspace       used 51752K, committed 51968K, reserved 1114112K
  class space    used 6241K, committed 6336K, reserved 1048576K
}
Event: 3.923 GC heap before
{Heap before GC invocations=13 (full 0):
 garbage-first heap   total 108544K, used 79342K [0x0000000722400000, 0x0000000800000000)
  region size 2048K, 23 young (47104K), 1 survivors (2048K)
 Metaspace       used 53742K, committed 54016K, reserved 1114112K
  class space    used 6366K, committed 6464K, reserved 1048576K
}
Event: 3.936 GC heap after
{Heap after GC invocations=14 (full 0):
 garbage-first heap   total 108544K, used 42051K [0x0000000722400000, 0x0000000800000000)
  region size 2048K, 3 young (6144K), 3 survivors (6144K)
 Metaspace       used 53742K, committed 54016K, reserved 1114112K
  class space    used 6366K, committed 6464K, reserved 1048576K
}
Event: 4.474 GC heap before
{Heap before GC invocations=14 (full 0):
 garbage-first heap   total 108544K, used 78915K [0x0000000722400000, 0x0000000800000000)
  region size 2048K, 21 young (43008K), 3 survivors (6144K)
 Metaspace       used 55836K, committed 56064K, reserved 1114112K
  class space    used 6598K, committed 6720K, reserved 1048576K
}
Event: 4.490 GC heap after
{Heap after GC invocations=15 (full 0):
 garbage-first heap   total 108544K, used 48358K [0x0000000722400000, 0x0000000800000000)
  region size 2048K, 3 young (6144K), 3 survivors (6144K)
 Metaspace       used 55836K, committed 56064K, reserved 1114112K
  class space    used 6598K, committed 6720K, reserved 1048576K
}
Event: 5.043 GC heap before
{Heap before GC invocations=15 (full 0):
 garbage-first heap   total 108544K, used 81126K [0x0000000722400000, 0x0000000800000000)
  region size 2048K, 19 young (38912K), 3 survivors (6144K)
 Metaspace       used 57635K, committed 57920K, reserved 1114112K
  class space    used 6746K, committed 6848K, reserved 1048576K
}
Event: 5.058 GC heap after
{Heap after GC invocations=16 (full 0):
 garbage-first heap   total 108544K, used 53581K [0x0000000722400000, 0x0000000800000000)
  region size 2048K, 3 young (6144K), 3 survivors (6144K)
 Metaspace       used 57635K, committed 57920K, reserved 1114112K
  class space    used 6746K, committed 6848K, reserved 1048576K
}
Event: 5.572 GC heap before
{Heap before GC invocations=16 (full 0):
 garbage-first heap   total 108544K, used 76109K [0x0000000722400000, 0x0000000800000000)
  region size 2048K, 15 young (30720K), 3 survivors (6144K)
 Metaspace       used 58763K, committed 59008K, reserved 1114112K
  class space    used 6813K, committed 6912K, reserved 1048576K
}
Event: 5.586 GC heap after
{Heap after GC invocations=17 (full 0):
 garbage-first heap   total 143360K, used 56545K [0x0000000722400000, 0x0000000800000000)
  region size 2048K, 2 young (4096K), 2 survivors (4096K)
 Metaspace       used 58763K, committed 59008K, reserved 1114112K
  class space    used 6813K, committed 6912K, reserved 1048576K
}
Event: 5.954 GC heap before
{Heap before GC invocations=17 (full 0):
 garbage-first heap   total 143360K, used 107745K [0x0000000722400000, 0x0000000800000000)
  region size 2048K, 26 young (53248K), 2 survivors (4096K)
 Metaspace       used 58766K, committed 59008K, reserved 1114112K
  class space    used 6813K, committed 6912K, reserved 1048576K
}
Event: 5.960 GC heap after
{Heap after GC invocations=18 (full 0):
 garbage-first heap   total 143360K, used 62601K [0x0000000722400000, 0x0000000800000000)
  region size 2048K, 4 young (8192K), 4 survivors (8192K)
 Metaspace       used 58766K, committed 59008K, reserved 1114112K
  class space    used 6813K, committed 6912K, reserved 1048576K
}
Event: 6.017 GC heap before
{Heap before GC invocations=18 (full 0):
 garbage-first heap   total 143360K, used 107657K [0x0000000722400000, 0x0000000800000000)
  region size 2048K, 26 young (53248K), 4 survivors (8192K)
 Metaspace       used 58766K, committed 59008K, reserved 1114112K
  class space    used 6813K, committed 6912K, reserved 1048576K
}
Event: 6.025 GC heap after
{Heap after GC invocations=19 (full 0):
 garbage-first heap   total 143360K, used 67378K [0x0000000722400000, 0x0000000800000000)
  region size 2048K, 4 young (8192K), 4 survivors (8192K)
 Metaspace       used 58766K, committed 59008K, reserved 1114112K
  class space    used 6813K, committed 6912K, reserved 1048576K
}
Event: 6.915 GC heap before
{Heap before GC invocations=19 (full 0):
 garbage-first heap   total 143360K, used 106290K [0x0000000722400000, 0x0000000800000000)
  region size 2048K, 24 young (49152K), 4 survivors (8192K)
 Metaspace       used 59893K, committed 60096K, reserved 1114112K
  class space    used 6836K, committed 6912K, reserved 1048576K
}
Event: 6.925 GC heap after
{Heap after GC invocations=20 (full 0):
 garbage-first heap   total 143360K, used 72672K [0x0000000722400000, 0x0000000800000000)
  region size 2048K, 3 young (6144K), 3 survivors (6144K)
 Metaspace       used 59893K, committed 60096K, reserved 1114112K
  class space    used 6836K, committed 6912K, reserved 1048576K
}
Event: 7.651 GC heap before
{Heap before GC invocations=21 (full 0):
 garbage-first heap   total 143360K, used 111584K [0x0000000722400000, 0x0000000800000000)
  region size 2048K, 22 young (45056K), 3 survivors (6144K)
 Metaspace       used 64944K, committed 65152K, reserved 1114112K
  class space    used 7323K, committed 7424K, reserved 1048576K
}
Event: 7.658 GC heap after
{Heap after GC invocations=22 (full 0):
 garbage-first heap   total 143360K, used 75680K [0x0000000722400000, 0x0000000800000000)
  region size 2048K, 2 young (4096K), 2 survivors (4096K)
 Metaspace       used 64944K, committed 65152K, reserved 1114112K
  class space    used 7323K, committed 7424K, reserved 1048576K
}
Event: 8.317 GC heap before
{Heap before GC invocations=22 (full 0):
 garbage-first heap   total 143360K, used 114592K [0x0000000722400000, 0x0000000800000000)
  region size 2048K, 21 young (43008K), 2 survivors (4096K)
 Metaspace       used 69019K, committed 69312K, reserved 1114112K
  class space    used 7773K, committed 7936K, reserved 1048576K
}

Dll operation events (2 events):
Event: 0.007 Loaded shared library C:\Program Files\Android\Android Studio\jbr\bin\java.dll
Event: 1.218 Loaded shared library C:\Program Files\Android\Android Studio\jbr\bin\verify.dll

Deoptimization events (20 events):
Event: 8.271 Thread 0x0000021d9b63e660 Uncommon trap: trap_request=0xffffffc6 fr.pc=0x0000021da8b5f3b0 relative=0x00000000000004d0
Event: 8.271 Thread 0x0000021d9b63e660 Uncommon trap: reason=bimorphic_or_optimized_type_check action=maybe_recompile pc=0x0000021da8b5f3b0 method=org.jetbrains.kotlin.ir.util.TransformKt.transformIfNeeded(Ljava/util/List;Lorg/jetbrains/kotlin/ir/visitors/IrElementTransformer;Ljava/lang/Object
Event: 8.271 Thread 0x0000021d9b63e660 DEOPT PACKING pc=0x0000021da8b5f3b0 sp=0x00000040a08faba0
Event: 8.271 Thread 0x0000021d9b63e660 DEOPT UNPACKING pc=0x0000021da82669a3 sp=0x00000040a08fab28 mode 2
Event: 8.274 Thread 0x0000021d9b63e660 Uncommon trap: trap_request=0xffffffc6 fr.pc=0x0000021da8b5f3b0 relative=0x00000000000004d0
Event: 8.274 Thread 0x0000021d9b63e660 Uncommon trap: reason=bimorphic_or_optimized_type_check action=maybe_recompile pc=0x0000021da8b5f3b0 method=org.jetbrains.kotlin.ir.util.TransformKt.transformIfNeeded(Ljava/util/List;Lorg/jetbrains/kotlin/ir/visitors/IrElementTransformer;Ljava/lang/Object
Event: 8.274 Thread 0x0000021d9b63e660 DEOPT PACKING pc=0x0000021da8b5f3b0 sp=0x00000040a08fa280
Event: 8.274 Thread 0x0000021d9b63e660 DEOPT UNPACKING pc=0x0000021da82669a3 sp=0x00000040a08fa208 mode 2
Event: 8.277 Thread 0x0000021d9b63e660 Uncommon trap: trap_request=0xffffffc6 fr.pc=0x0000021da8b5f3b0 relative=0x00000000000004d0
Event: 8.277 Thread 0x0000021d9b63e660 Uncommon trap: reason=bimorphic_or_optimized_type_check action=maybe_recompile pc=0x0000021da8b5f3b0 method=org.jetbrains.kotlin.ir.util.TransformKt.transformIfNeeded(Ljava/util/List;Lorg/jetbrains/kotlin/ir/visitors/IrElementTransformer;Ljava/lang/Object
Event: 8.277 Thread 0x0000021d9b63e660 DEOPT PACKING pc=0x0000021da8b5f3b0 sp=0x00000040a08f8650
Event: 8.277 Thread 0x0000021d9b63e660 DEOPT UNPACKING pc=0x0000021da82669a3 sp=0x00000040a08f85d8 mode 2
Event: 8.277 Thread 0x0000021d9b63e660 Uncommon trap: trap_request=0xffffffc6 fr.pc=0x0000021da8b5f3b0 relative=0x00000000000004d0
Event: 8.277 Thread 0x0000021d9b63e660 Uncommon trap: reason=bimorphic_or_optimized_type_check action=maybe_recompile pc=0x0000021da8b5f3b0 method=org.jetbrains.kotlin.ir.util.TransformKt.transformIfNeeded(Ljava/util/List;Lorg/jetbrains/kotlin/ir/visitors/IrElementTransformer;Ljava/lang/Object
Event: 8.277 Thread 0x0000021d9b63e660 DEOPT PACKING pc=0x0000021da8b5f3b0 sp=0x00000040a08f8650
Event: 8.277 Thread 0x0000021d9b63e660 DEOPT UNPACKING pc=0x0000021da82669a3 sp=0x00000040a08f85d8 mode 2
Event: 8.316 Thread 0x0000021d9b63e660 Uncommon trap: trap_request=0xffffff45 fr.pc=0x0000021da886dc08 relative=0x0000000000002568
Event: 8.316 Thread 0x0000021d9b63e660 Uncommon trap: reason=unstable_if action=reinterpret pc=0x0000021da886dc08 method=org.jetbrains.kotlin.serialization.deserialization.descriptors.DeserializedMemberScope.getContributedClassifier(Lorg/jetbrains/kotlin/name/Name;Lorg/jetbrains/kotlin/increme
Event: 8.316 Thread 0x0000021d9b63e660 DEOPT PACKING pc=0x0000021da886dc08 sp=0x00000040a08f8e20
Event: 8.316 Thread 0x0000021d9b63e660 DEOPT UNPACKING pc=0x0000021da82669a3 sp=0x00000040a08f8d98 mode 2

Classes unloaded (0 events):
No events

Classes redefined (0 events):
No events

Internal exceptions (20 events):
Event: 4.224 Thread 0x0000021d9b63e660 Implicit null exception at 0x0000021da8816d58 to 0x0000021da8816dee
Event: 4.229 Thread 0x0000021d9b63e660 Implicit null exception at 0x0000021da8a306eb to 0x0000021da8a308b8
Event: 4.297 Thread 0x0000021d9b63e660 Exception <a 'java/lang/NoSuchMethodError'{0x00000007277c9468}: 'int java.lang.invoke.DirectMethodHandle$Holder.invokeStaticInit(java.lang.Object, int)'> (0x00000007277c9468) 
thrown [s\src\hotspot\share\interpreter\linkResolver.cpp, line 771]
Event: 4.621 Thread 0x0000021d9b63e660 Implicit null exception at 0x0000021da8a30d34 to 0x0000021da8a30dc5
Event: 5.031 Thread 0x0000021d9b63e660 Exception <a 'java/lang/NoSuchMethodError'{0x0000000726cce290}: 'java.lang.Object java.lang.invoke.DirectMethodHandle$Holder.newInvokeSpecial(java.lang.Object, java.lang.Object, java.lang.Object, java.lang.Object, java.lang.Object, java.lang.Object, java.lang.Object)'> (0x0000000726cce290) 
thrown [s\src\hotspot\share\interpreter\linkResolver.cpp, line 771]
Event: 5.031 Thread 0x0000021d9b63e660 Exception <a 'java/lang/NoSuchMethodError'{0x0000000726cd2e48}: 'java.lang.Object java.lang.invoke.Invokers$Holder.linkToTargetMethod(java.lang.Object, java.lang.Object, java.lang.Object, java.lang.Object, java.lang.Object, java.lang.Object, java.lang.Object)'> (0x0000000726cd2e48) 
thrown [s\src\hotspot\share\interpreter\linkResolver.cpp, line 771]
Event: 5.135 Thread 0x0000021d9b63e660 Exception <a 'java/lang/NoSuchMethodError'{0x00000007292f45e0}: 'java.lang.Object java.lang.invoke.DirectMethodHandle$Holder.invokeInterface(java.lang.Object, java.lang.Object, java.lang.Object)'> (0x00000007292f45e0) 
thrown [s\src\hotspot\share\interpreter\linkResolver.cpp, line 771]
Event: 5.136 Thread 0x0000021d9b63e660 Exception <a 'java/lang/IncompatibleClassChangeError'{0x00000007292f81f8}: Found class java.lang.Object, but interface was expected> (0x00000007292f81f8) 
thrown [s\src\hotspot\share\interpreter\linkResolver.cpp, line 838]
Event: 7.048 Thread 0x0000021d9b63e660 Implicit null exception at 0x0000021da8baeeac to 0x0000021da8baef78
Event: 7.151 Thread 0x0000021d9b63e660 Implicit null exception at 0x0000021da884f16b to 0x0000021da884f340
Event: 7.567 Thread 0x0000021d9b63e660 Exception <a 'java/lang/NoSuchMethodError'{0x0000000728b496f8}: 'java.lang.Object java.lang.invoke.DirectMethodHandle$Holder.newInvokeSpecial(java.lang.Object, java.lang.Object, java.lang.Object, int, int)'> (0x0000000728b496f8) 
thrown [s\src\hotspot\share\interpreter\linkResolver.cpp, line 771]
Event: 7.567 Thread 0x0000021d9b63e660 Exception <a 'java/lang/NoSuchMethodError'{0x0000000728b4d538}: 'java.lang.Object java.lang.invoke.DirectMethodHandle$Holder.invokeSpecial(java.lang.Object, java.lang.Object, java.lang.Object, java.lang.Object, int, int)'> (0x0000000728b4d538) 
thrown [s\src\hotspot\share\interpreter\linkResolver.cpp, line 771]
Event: 7.737 Thread 0x0000021d9b63e660 Exception <a 'java/lang/NoSuchMethodError'{0x000000072a9499d8}: 'java.lang.Object java.lang.invoke.DirectMethodHandle$Holder.newInvokeSpecial(java.lang.Object, java.lang.Object, java.lang.Object, int, int, java.lang.Object)'> (0x000000072a9499d8) 
thrown [s\src\hotspot\share\interpreter\linkResolver.cpp, line 771]
Event: 7.738 Thread 0x0000021d9b63e660 Exception <a 'java/lang/NoSuchMethodError'{0x000000072a951378}: 'java.lang.Object java.lang.invoke.Invokers$Holder.linkToTargetMethod(java.lang.Object, java.lang.Object, int, int, java.lang.Object, java.lang.Object)'> (0x000000072a951378) 
thrown [s\src\hotspot\share\interpreter\linkResolver.cpp, line 771]
Event: 7.747 Thread 0x0000021d9b63e660 Exception <a 'java/lang/NoSuchMethodError'{0x000000072a9b3128}: 'java.lang.Object java.lang.invoke.DirectMethodHandle$Holder.newInvokeSpecial(java.lang.Object, java.lang.Object, java.lang.Object, int, int, java.lang.Object, java.lang.Object, java.lang.Object, java.lang.Object)'> (0x000000072a9b3128) 
thrown [s\src\hotspot\share\interpreter\linkResolver.cpp, line 771]
Event: 7.825 Thread 0x0000021d9b63e660 Exception <a 'java/lang/NoSuchMethodError'{0x000000072a461728}: 'java.lang.Object java.lang.invoke.DirectMethodHandle$Holder.invokeSpecial(java.lang.Object, java.lang.Object, int, int, java.lang.Object, java.lang.Object, java.lang.Object, java.lang.Object, java.lang.Object)'> (0x000000072a461728) 
thrown [s\src\hotspot\share\interpreter\linkResolver.cpp, line 771]
Event: 7.829 Thread 0x0000021d9b63e660 Exception <a 'java/lang/NoSuchMethodError'{0x000000072a487398}: 'java.lang.Object java.lang.invoke.DirectMethodHandle$Holder.newInvokeSpecial(java.lang.Object, int, java.lang.Object, java.lang.Object)'> (0x000000072a487398) 
thrown [s\src\hotspot\share\interpreter\linkResolver.cpp, line 771]
Event: 7.872 Thread 0x0000021d9b63e660 Exception <a 'java/lang/NoSuchMethodError'{0x000000072a203f98}: 'java.lang.Object java.lang.invoke.DirectMethodHandle$Holder.newInvokeSpecial(java.lang.Object, java.lang.Object, int, int, java.lang.Object, java.lang.Object, java.lang.Object)'> (0x000000072a203f98) 
thrown [s\src\hotspot\share\interpreter\linkResolver.cpp, line 771]
Event: 7.872 Thread 0x0000021d9b63e660 Exception <a 'java/lang/NoSuchMethodError'{0x000000072a208b80}: 'java.lang.Object java.lang.invoke.DirectMethodHandle$Holder.invokeSpecial(java.lang.Object, java.lang.Object, java.lang.Object, int, int, java.lang.Object, java.lang.Object, java.lang.Object)'> (0x000000072a208b80) 
thrown [s\src\hotspot\share\interpreter\linkResolver.cpp, line 771]
Event: 7.895 Thread 0x0000021d9b63e660 Implicit null exception at 0x0000021da881cf70 to 0x0000021da881d1a8

VM Operations (20 events):
Event: 8.101 Executing VM operation: HandshakeAllThreads done
Event: 8.103 Executing VM operation: HandshakeAllThreads
Event: 8.103 Executing VM operation: HandshakeAllThreads done
Event: 8.123 Executing VM operation: ICBufferFull
Event: 8.123 Executing VM operation: ICBufferFull done
Event: 8.152 Executing VM operation: HandshakeAllThreads
Event: 8.152 Executing VM operation: HandshakeAllThreads done
Event: 8.176 Executing VM operation: HandshakeAllThreads
Event: 8.176 Executing VM operation: HandshakeAllThreads done
Event: 8.193 Executing VM operation: ICBufferFull
Event: 8.193 Executing VM operation: ICBufferFull done
Event: 8.227 Executing VM operation: HandshakeAllThreads
Event: 8.227 Executing VM operation: HandshakeAllThreads done
Event: 8.265 Executing VM operation: HandshakeAllThreads
Event: 8.265 Executing VM operation: HandshakeAllThreads done
Event: 8.275 Executing VM operation: ICBufferFull
Event: 8.276 Executing VM operation: ICBufferFull done
Event: 8.306 Executing VM operation: HandshakeAllThreads
Event: 8.306 Executing VM operation: HandshakeAllThreads done
Event: 8.317 Executing VM operation: G1CollectForAllocation

Events (20 events):
Event: 8.285 Thread 0x0000021dbb45b500 flushing nmethod 0x0000021da2797010
Event: 8.285 Thread 0x0000021dbb45b500 flushing nmethod 0x0000021da2798310
Event: 8.285 Thread 0x0000021dbb45b500 flushing nmethod 0x0000021da27a4a90
Event: 8.285 Thread 0x0000021dbb45b500 flushing nmethod 0x0000021da27a8310
Event: 8.285 Thread 0x0000021dbb45b500 flushing nmethod 0x0000021da27acd90
Event: 8.285 Thread 0x0000021dbb45b500 flushing nmethod 0x0000021da27bd010
Event: 8.285 Thread 0x0000021dbb45b500 flushing nmethod 0x0000021da27c0810
Event: 8.285 Thread 0x0000021dbb45b500 flushing nmethod 0x0000021da27c2610
Event: 8.285 Thread 0x0000021dbb45b500 flushing nmethod 0x0000021da27c4a90
Event: 8.285 Thread 0x0000021dbb45b500 flushing nmethod 0x0000021da27f1010
Event: 8.285 Thread 0x0000021dbb45b500 flushing nmethod 0x0000021da27f1610
Event: 8.285 Thread 0x0000021dbb45b500 flushing nmethod 0x0000021da27f7190
Event: 8.285 Thread 0x0000021dbb45b500 flushing nmethod 0x0000021da2806310
Event: 8.285 Thread 0x0000021dbb45b500 flushing nmethod 0x0000021da2809890
Event: 8.285 Thread 0x0000021dbb45b500 flushing nmethod 0x0000021da280b310
Event: 8.285 Thread 0x0000021dbb45b500 flushing nmethod 0x0000021da2816310
Event: 8.285 Thread 0x0000021dbb45b500 flushing nmethod 0x0000021da2833010
Event: 8.285 Thread 0x0000021dbb45b500 flushing nmethod 0x0000021da2846010
Event: 8.285 Thread 0x0000021dbb45b500 flushing nmethod 0x0000021da2847a90
Event: 8.285 Thread 0x0000021dbb45b500 flushing nmethod 0x0000021da2848f10


Dynamic libraries:
0x00007ff6fc850000 - 0x00007ff6fc85a000 	C:\Program Files\Android\Android Studio\jbr\bin\java.exe
0x00007ff993290000 - 0x00007ff9934a7000 	C:\WINDOWS\SYSTEM32\ntdll.dll
0x00007ff992d40000 - 0x00007ff992e04000 	C:\WINDOWS\System32\KERNEL32.DLL
0x00007ff9905c0000 - 0x00007ff990979000 	C:\WINDOWS\System32\KERNELBASE.dll
0x00007ff990b20000 - 0x00007ff990c31000 	C:\WINDOWS\System32\ucrtbase.dll
0x00007ff988cc0000 - 0x00007ff988cd7000 	C:\Program Files\Android\Android Studio\jbr\bin\jli.dll
0x00007ff988d00000 - 0x00007ff988d1b000 	C:\Program Files\Android\Android Studio\jbr\bin\VCRUNTIME140.dll
0x00007ff992f60000 - 0x00007ff99310e000 	C:\WINDOWS\System32\USER32.dll
0x00007ff990af0000 - 0x00007ff990b16000 	C:\WINDOWS\System32\win32u.dll
0x00007ff9703e0000 - 0x00007ff970672000 	C:\WINDOWS\WinSxS\amd64_microsoft.windows.common-controls_6595b64144ccf1df_6.0.22621.4391_none_2715d37f73803e96\COMCTL32.dll
0x00007ff991470000 - 0x00007ff991499000 	C:\WINDOWS\System32\GDI32.dll
0x00007ff9912f0000 - 0x00007ff991397000 	C:\WINDOWS\System32\msvcrt.dll
0x00007ff990dd0000 - 0x00007ff990eeb000 	C:\WINDOWS\System32\gdi32full.dll
0x00007ff990cc0000 - 0x00007ff990d5a000 	C:\WINDOWS\System32\msvcp_win.dll
0x00007ff992ae0000 - 0x00007ff992b11000 	C:\WINDOWS\System32\IMM32.DLL
0x00007ff98e230000 - 0x00007ff98e23c000 	C:\Program Files\Android\Android Studio\jbr\bin\vcruntime140_1.dll
0x00007ff962390000 - 0x00007ff96241d000 	C:\Program Files\Android\Android Studio\jbr\bin\msvcp140.dll
0x00007ff90d5d0000 - 0x00007ff90e253000 	C:\Program Files\Android\Android Studio\jbr\bin\server\jvm.dll
0x00007ff9913a0000 - 0x00007ff991452000 	C:\WINDOWS\System32\ADVAPI32.dll
0x00007ff992e10000 - 0x00007ff992eb7000 	C:\WINDOWS\System32\sechost.dll
0x00007ff990590000 - 0x00007ff9905b8000 	C:\WINDOWS\System32\bcrypt.dll
0x00007ff993130000 - 0x00007ff993244000 	C:\WINDOWS\System32\RPCRT4.dll
0x00007ff98fea0000 - 0x00007ff98feed000 	C:\WINDOWS\SYSTEM32\POWRPROF.dll
0x00007ff979c20000 - 0x00007ff979c29000 	C:\WINDOWS\SYSTEM32\WSOCK32.dll
0x00007ff98dfb0000 - 0x00007ff98dfe4000 	C:\WINDOWS\SYSTEM32\WINMM.dll
0x00007ff9910c0000 - 0x00007ff991131000 	C:\WINDOWS\System32\WS2_32.dll
0x00007ff987a10000 - 0x00007ff987a1a000 	C:\WINDOWS\SYSTEM32\VERSION.dll
0x00007ff98fe20000 - 0x00007ff98fe33000 	C:\WINDOWS\SYSTEM32\UMPDC.dll
0x00007ff98f5a0000 - 0x00007ff98f5b8000 	C:\WINDOWS\SYSTEM32\kernel.appcore.dll
0x00007ff98e2b0000 - 0x00007ff98e2ba000 	C:\Program Files\Android\Android Studio\jbr\bin\jimage.dll
0x00007ff98dd70000 - 0x00007ff98dfa2000 	C:\WINDOWS\SYSTEM32\DBGHELP.DLL
0x00007ff992170000 - 0x00007ff9924ff000 	C:\WINDOWS\System32\combase.dll
0x00007ff9914a0000 - 0x00007ff991577000 	C:\WINDOWS\System32\OLEAUT32.dll
0x00007ff98dd30000 - 0x00007ff98dd62000 	C:\WINDOWS\SYSTEM32\dbgcore.DLL
0x00007ff990c40000 - 0x00007ff990cbb000 	C:\WINDOWS\System32\bcryptPrimitives.dll
0x00007ff97d770000 - 0x00007ff97d795000 	C:\Program Files\Android\Android Studio\jbr\bin\java.dll
0x00007ff98e0b0000 - 0x00007ff98e0c8000 	C:\Program Files\Android\Android Studio\jbr\bin\zip.dll
0x00007ff9918f0000 - 0x00007ff992166000 	C:\WINDOWS\System32\SHELL32.dll
0x00007ff98e480000 - 0x00007ff98ed83000 	C:\WINDOWS\SYSTEM32\windows.storage.dll
0x00007ff98e340000 - 0x00007ff98e47f000 	C:\WINDOWS\SYSTEM32\wintypes.dll
0x00007ff992c40000 - 0x00007ff992d39000 	C:\WINDOWS\System32\SHCORE.dll
0x00007ff992be0000 - 0x00007ff992c3e000 	C:\WINDOWS\System32\shlwapi.dll
0x00007ff9904c0000 - 0x00007ff9904eb000 	C:\WINDOWS\SYSTEM32\profapi.dll
0x00007ff98e030000 - 0x00007ff98e049000 	C:\Program Files\Android\Android Studio\jbr\bin\net.dll
0x00007ff989da0000 - 0x00007ff989ed6000 	C:\WINDOWS\SYSTEM32\WINHTTP.dll
0x00007ff98fa50000 - 0x00007ff98fab9000 	C:\WINDOWS\system32\mswsock.dll
0x00007ff98cc60000 - 0x00007ff98cc76000 	C:\Program Files\Android\Android Studio\jbr\bin\nio.dll
0x00007ff98e1f0000 - 0x00007ff98e200000 	C:\Program Files\Android\Android Studio\jbr\bin\verify.dll

dbghelp: loaded successfully - version: 4.0.5 - missing functions: none
symbol engine: initialized successfully - sym options: 0x614 - pdb path: .;C:\Program Files\Android\Android Studio\jbr\bin;C:\WINDOWS\SYSTEM32;C:\WINDOWS\WinSxS\amd64_microsoft.windows.common-controls_6595b64144ccf1df_6.0.22621.4391_none_2715d37f73803e96;C:\Program Files\Android\Android Studio\jbr\bin\server

VM Arguments:
java_command: org.jetbrains.kotlin.cli.jvm.K2JVMCompiler @C:\Users\LENOVO\AndroidStudioProjects\meet72\app\build\20241121_4743245907970881920.compiler.options
java_class_path (initial): C:\Users\LENOVO\.gradle\caches\modules-2\files-2.1\org.jetbrains.kotlin\kotlin-compiler-embeddable\1.9.0\2c8c3a7402becca891f12739b3e9fd2dc2adbd7a\kotlin-compiler-embeddable-1.9.0.jar;C:\Users\LENOVO\.gradle\caches\modules-2\files-2.1\org.jetbrains.kotlin\kotlin-stdlib\1.9.0\8ee15ef0c67dc83d874f412d84378d7f0eb50b63\kotlin-stdlib-1.9.0.jar;C:\Users\LENOVO\.gradle\caches\modules-2\files-2.1\org.jetbrains.kotlin\kotlin-script-runtime\1.9.0\4b3102cbbb7e1b58d9d1adf89563f00069ffa7d1\kotlin-script-runtime-1.9.0.jar;C:\Users\LENOVO\.gradle\caches\modules-2\files-2.1\org.jetbrains.kotlin\kotlin-reflect\1.6.10\1cbe9c92c12a94eea200d23c2bbaedaf3daf5132\kotlin-reflect-1.6.10.jar;C:\Users\LENOVO\.gradle\caches\modules-2\files-2.1\org.jetbrains.kotlin\kotlin-daemon-embeddable\1.9.0\186543f5e28cf8d9a0290fecc2cf34301c40a65c\kotlin-daemon-embeddable-1.9.0.jar;C:\Users\LENOVO\.gradle\caches\modules-2\files-2.1\org.jetbrains.intellij.deps\trove4j\1.0.20200330\3afb14d5f9ceb459d724e907a21145e8ff394f02\trove4j-1.0.20200330.jar;C:\Users\LENOVO\.gradle\caches\modules-2\files-2.1\org.jetbrains.kotlin\kotlin-stdlib-common\1.9.0\cd65c21cfd1eec4d44ef09f9f52b6d9f8a720636\kotlin-stdlib-common-1.9.0.jar;C:\Users\LENOVO\.gradle\caches\modules-2\files-2.1\org.jetbrains\annotations\13.0\919f0dfe192fb4e063e7dacadee7f8bb9a2672a9\annotations-13.0.jar
Launcher Type: SUN_STANDARD

[Global flags]
     intx CICompilerCount                          = 4                                         {product} {ergonomic}
     uint ConcGCThreads                            = 3                                         {product} {ergonomic}
     uint G1ConcRefinementThreads                  = 10                                        {product} {ergonomic}
   size_t G1HeapRegionSize                         = 2097152                                   {product} {ergonomic}
    uintx GCDrainStackTargetSize                   = 64                                        {product} {ergonomic}
   size_t InitialHeapSize                          = 232783872                                 {product} {ergonomic}
   size_t MarkStackSize                            = 4194304                                   {product} {ergonomic}
   size_t MaxHeapSize                              = 3720347648                                {product} {ergonomic}
   size_t MaxNewSize                               = 2231369728                                {product} {ergonomic}
   size_t MinHeapDeltaBytes                        = 2097152                                   {product} {ergonomic}
   size_t MinHeapSize                              = 8388608                                   {product} {ergonomic}
    uintx NonNMethodCodeHeapSize                   = 5839372                                {pd product} {ergonomic}
    uintx NonProfiledCodeHeapSize                  = 122909434                              {pd product} {ergonomic}
    uintx ProfiledCodeHeapSize                     = 122909434                              {pd product} {ergonomic}
    uintx ReservedCodeCacheSize                    = 251658240                              {pd product} {ergonomic}
     bool SegmentedCodeCache                       = true                                      {product} {ergonomic}
   size_t SoftMaxHeapSize                          = 3720347648                             {manageable} {ergonomic}
     bool UseCompressedClassPointers               = true                           {product lp64_product} {ergonomic}
     bool UseCompressedOops                        = true                           {product lp64_product} {ergonomic}
     bool UseG1GC                                  = true                                      {product} {ergonomic}
     bool UseLargePagesIndividualAllocation        = false                                  {pd product} {ergonomic}

Logging:
Log output configuration:
 #0: stdout all=warning uptime,level,tags
 #1: stderr all=off uptime,level,tags

Environment Variables:
PATH="C:\Users\LENOVO\Documents\Downloads\dbhomeXE\bin; C:\xampp\php";C:\Program Files\Microsoft MPI\Bin\;C:\Python312\Scripts\;C:\Python312\;C:\Program Files\Common Files\Oracle\Java\javapath;C:\WINDOWS\system32;C:\WINDOWS;C:\WINDOWS\System32\Wbem;C:\WINDOWS\System32\WindowsPowerShell\v1.0\;C:\WINDOWS\System32\OpenSSH\;C:\Program Files\Microsoft SQL Server\150\Tools\Binn\;C:\Program Files\Microsoft SQL Server\Client SDK\ODBC\170\Tools\Binn\;C:\Program Files\dotnet\;C:\Program Files (x86)\Microsoft SQL Server\160\Tools\Binn\;C:\Program Files\Microsoft SQL Server\160\Tools\Binn\;C:\Program Files\Microsoft SQL Server\160\DTS\Binn\;C:\Program Files (x86)\Microsoft SQL Server\160\DTS\Binn\;C:\Program Files\Azure Data Studio\bin;C;C:\ProgramData\chocolatey\bin;C:\xammpp;C:\Program Files\nodejs\;C:\Program Files\Git\cmd;C:\xampp\php;C:\xampp\php;C:\ProgramData\ComposerSetup\bin\;"C:\Users\LENOVO\AppData\Local\Microsoft\WindowsApps;C:\xampp\php";C:\Users\LENOVO\.dotnet\tools;C:\Program Files\Azure Data Studio\bin;C:\Program Files (x86)\Nmap;D:\flutter_windows_3.22.1-stable\flutter\bin;C:\Users\LENOVO\AppData\Local\flutter\bin;C:\Users\LENOVO\AppData\Local\Android\Sdk;C:\Users\LENOVO\AppData\Local\Android\Sdk\tools;C:\xammpp;C:\Users\LENOVO\AppData\Roaming\npm;C:\Users\LENOVO\AppData\Local\Programs\Microsoft VS Code\bin;D:\flutter_windows_3.22.1-stable\flutter;C:\Users\LENOVO\AppData\Local\Temp\flutter_tools;C:\xampp\php;C:\xampp\php;C:\ProgramData\ComposerSetup\bin\;
USERNAME=LENOVO
OS=Windows_NT
PROCESSOR_IDENTIFIER=AMD64 Family 25 Model 80 Stepping 0, AuthenticAMD
TMP=C:\Users\LENOVO\AppData\Local\Temp
TEMP=C:\Users\LENOVO\AppData\Local\Temp



Periodic native trim disabled

JNI global refs:
JNI global refs: 10, weak refs: 1

JNI global refs memory usage: 843, weak refs: 841

Process memory usage:
Resident Set Size: 340360K (2% of 14528572K total physical memory with 466168K free physical memory)

OOME stack traces (most recent first):
Classloader memory used:
Loader jdk.internal.loader.ClassLoaders$AppClassLoader                                 : 7093K
Loader bootstrap                                                                       : 1352K
Loader java.net.URLClassLoader                                                         : 164K
Loader jdk.internal.reflect.DelegatingClassLoader                                      : 17017B


---------------  S Y S T E M  ---------------

OS:
 Windows 11 , 64 bit Build 22621 (10.0.22621.4391)
OS uptime: 7 days 15:53 hours
Hyper-V role detected

CPU: total 12 (initial active 12) (12 cores per cpu, 2 threads per core) family 25 model 80 stepping 0 microcode 0x0, cx8, cmov, fxsr, ht, mmx, 3dnowpref, sse, sse2, sse3, ssse3, sse4a, sse4.1, sse4.2, popcnt, lzcnt, tsc, tscinvbit, avx, avx2, aes, erms, clmul, bmi1, bmi2, adx, sha, fma, vzeroupper, clflush, clflushopt, hv
Processor Information for processor 0
  Max Mhz: 2301, Current Mhz: 1798, Mhz Limit: 2301
Processor Information for processor 1
  Max Mhz: 2301, Current Mhz: 1798, Mhz Limit: 2301
Processor Information for processor 2
  Max Mhz: 2301, Current Mhz: 1798, Mhz Limit: 2301
Processor Information for processor 3
  Max Mhz: 2301, Current Mhz: 1798, Mhz Limit: 2301
Processor Information for processor 4
  Max Mhz: 2301, Current Mhz: 2301, Mhz Limit: 2301
Processor Information for processor 5
  Max Mhz: 2301, Current Mhz: 1798, Mhz Limit: 2301
Processor Information for processor 6
  Max Mhz: 2301, Current Mhz: 1798, Mhz Limit: 2301
Processor Information for processor 7
  Max Mhz: 2301, Current Mhz: 1798, Mhz Limit: 2301
Processor Information for processor 8
  Max Mhz: 2301, Current Mhz: 1798, Mhz Limit: 2301
Processor Information for processor 9
  Max Mhz: 2301, Current Mhz: 2301, Mhz Limit: 2301
Processor Information for processor 10
  Max Mhz: 2301, Current Mhz: 1798, Mhz Limit: 2301
Processor Information for processor 11
  Max Mhz: 2301, Current Mhz: 2301, Mhz Limit: 2301

Memory: 4k page, system-wide physical 14188M (455M free)
TotalPageFile size 39834M (AvailPageFile size 20M)
current process WorkingSet (physical memory assigned to process): 332M, peak: 335M
current process commit charge ("private bytes"): 372M, peak: 435M

vm_info: OpenJDK 64-Bit Server VM (17.0.11+0--11852314) for windows-amd64 JRE (17.0.11+0--11852314), built on May 16 2024 21:29:20 by "androidbuild" with MS VC++ 16.10 / 16.11 (VS2019)

END.
